[01m[K/home/lyc/ros2_ws/src/ros2_timer_latency_measurement/src/init_thread.cpp:8:10:[m[K [01;31m[Kfatal error: [m[Krttest/utils.h: æ²¡æœ‰é‚£ä¸ªæ–‡ä»¶æˆ–ç›®å½•
    8 | #include [01;31m[K"rttest/utils.h"[m[K
      |          [01;31m[K^~~~~~~~~~~~~~~~[m[K
compilation terminated.
[01m[K/home/lyc/ros2_ws/src/ros2_timer_latency_measurement/src/timer_cb_latency_spin_some.cpp:7:10:[m[K [01;31m[Kfatal error: [m[Krttest/utils.h: æ²¡æœ‰é‚£ä¸ªæ–‡ä»¶æˆ–ç›®å½•
    7 | #include [01;31m[K"rttest/utils.h"[m[K
      |          [01;31m[K^~~~~~~~~~~~~~~~[m[K
compilation terminated.
[01m[K/home/lyc/ros2_ws/src/ros2_timer_latency_measurement/src/timer_cb_latency_spin.cpp:7:10:[m[K [01;31m[Kfatal error: [m[Krttest/utils.h: æ²¡æœ‰é‚£ä¸ªæ–‡ä»¶æˆ–ç›®å½•
    7 | #include [01;31m[K"rttest/utils.h"[m[K
      |          [01;31m[K^~~~~~~~~~~~~~~~[m[K
compilation terminated.
[01m[K/home/lyc/ros2_ws/src/ros2_timer_latency_measurement/src/init_and_node_thread.cpp:7:10:[m[K [01;31m[Kfatal error: [m[Krttest/utils.h: æ²¡æœ‰é‚£ä¸ªæ–‡ä»¶æˆ–ç›®å½•
    7 | #include [01;31m[K"rttest/utils.h"[m[K
      |          [01;31m[K^~~~~~~~~~~~~~~~[m[K
compilation terminated.
gmake[2]: *** [CMakeFiles/timer_cb_latency_spin_some.dir/build.make:76ï¼šCMakeFiles/timer_cb_latency_spin_some.dir/src/timer_cb_latency_spin_some.cpp.o] é”™è¯¯ 1
gmake[1]: *** [CMakeFiles/Makefile2:221ï¼šCMakeFiles/timer_cb_latency_spin_some.dir/all] é”™è¯¯ 2
gmake[1]: *** æ­£åœ¨ç­‰å¾…æœªå®Œæˆçš„ä»»åŠ¡....
gmake[2]: *** [CMakeFiles/init_thread.dir/build.make:76ï¼šCMakeFiles/init_thread.dir/src/init_thread.cpp.o] é”™è¯¯ 1
gmake[1]: *** [CMakeFiles/Makefile2:143ï¼šCMakeFiles/init_thread.dir/all] é”™è¯¯ 2
gmake[2]: *** [CMakeFiles/init_and_node_thread.dir/build.make:76ï¼šCMakeFiles/init_and_node_thread.dir/src/init_and_node_thread.cpp.o] é”™è¯¯ 1
gmake[2]: *** æ­£åœ¨ç­‰å¾…æœªå®Œæˆçš„ä»»åŠ¡....
gmake[2]: *** [CMakeFiles/timer_cb_latency_spin.dir/build.make:76ï¼šCMakeFiles/timer_cb_latency_spin.dir/src/timer_cb_latency_spin.cpp.o] é”™è¯¯ 1
gmake[2]: *** æ­£åœ¨ç­‰å¾…æœªå®Œæˆçš„ä»»åŠ¡....
gmake[1]: *** [CMakeFiles/Makefile2:195ï¼šCMakeFiles/timer_cb_latency_spin.dir/all] é”™è¯¯ 2
gmake[1]: *** [CMakeFiles/Makefile2:169ï¼šCMakeFiles/init_and_node_thread.dir/all] é”™è¯¯ 2
gmake: *** [Makefile:146ï¼šall] é”™è¯¯ 2
