[0.097s] Invoking command in '/home/lyc/ros2_ws/src/build/ros2_timer_latency_measurement': CMAKE_PREFIX_PATH=${CMAKE_PREFIX_PATH}:/home/lyc/ros2_iron/install/rqt_bag_plugins:/home/lyc/ros2_iron/install/rqt_bag:/home/lyc/ros2_iron/install/rosbag2_examples_py:/home/lyc/ros2_iron/install/launch_testing_examples:/home/lyc/ros2_iron/install/ros2bag:/home/lyc/ros2_iron/install/tracetools_test:/home/lyc/ros2_iron/install/tracetools_launch:/home/lyc/ros2_iron/install/topic_monitor:/home/lyc/ros2_iron/install/tf2_tools:/home/lyc/ros2_iron/install/examples_tf2_py:/home/lyc/ros2_iron/install/tf2_ros_py:/home/lyc/ros2_iron/install/examples_rclpy_pointcloud_publisher:/home/lyc/ros2_iron/install/sensor_msgs_py:/home/lyc/ros2_iron/install/quality_of_service_demo_py:/home/lyc/ros2_iron/install/rqt_plot:/home/lyc/ros2_iron/install/ros2doctor:/home/lyc/ros2_iron/install/lifecycle_py:/home/lyc/ros2_iron/install/examples_rclpy_minimal_subscriber:/home/lyc/ros2_iron/install/examples_rclpy_minimal_service:/home/lyc/ros2_iron/install/examples_rclpy_minimal_publisher:/home/lyc/ros2_iron/install/examples_rclpy_minimal_client:/home/lyc/ros2_iron/install/examples_rclpy_executors:/home/lyc/ros2_iron/install/demo_nodes_py:/home/lyc/ros2_iron/install/rqt:/home/lyc/ros2_iron/install/ros2component:/home/lyc/ros2_iron/install/sros2:/home/lyc/ros2_iron/install/rqt_topic:/home/lyc/ros2_iron/install/rqt_srv:/home/lyc/ros2_iron/install/rqt_shell:/home/lyc/ros2_iron/install/rqt_service_caller:/home/lyc/ros2_iron/install/rqt_reconfigure:/home/lyc/ros2_iron/install/rqt_py_console:/home/lyc/ros2_iron/install/rqt_publisher:/home/lyc/ros2_iron/install/rqt_action:/home/lyc/ros2_iron/install/rqt_msg:/home/lyc/ros2_iron/install/rqt_console:/home/lyc/ros2_iron/install/rqt_graph:/home/lyc/ros2_iron/install/rqt_gui_py:/home/lyc/ros2_iron/install/rqt_gui:/home/lyc/ros2_iron/install/ros2trace:/home/lyc/ros2_iron/install/ros2topic:/home/lyc/ros2_iron/install/ros2test:/home/lyc/ros2_iron/install/ros2param:/home/lyc/ros2_iron/install/ros2lifecycle:/home/lyc/ros2_iron/install/ros2service:/home/lyc/ros2_iron/install/ros2run:/home/lyc/ros2_iron/install/ros2launch:/home/lyc/ros2_iron/install/ros2pkg:/home/lyc/ros2_iron/install/ros2node:/home/lyc/ros2_iron/install/ros2multicast:/home/lyc/ros2_iron/install/ros2interface:/home/lyc/ros2_iron/install/ros2action:/home/lyc/ros2_iron/install/ros2cli:/home/lyc/ros2_iron/install/launch_testing_ros:/home/lyc/ros2_iron/install/launch_ros:/home/lyc/ros2_iron/install/examples_rclpy_minimal_action_server:/home/lyc/ros2_iron/install/examples_rclpy_minimal_action_client:/home/lyc/ros2_iron/install/examples_rclpy_guard_conditions:/home/lyc/ros2_iron/install/action_tutorials_py:/home/lyc/ros2_iron/install/ament_uncrustify:/home/lyc/ros2_iron/install/tracetools_trace:/home/lyc/ros2_iron/install/tracetools_read:/home/lyc/ros2_iron/install/test_tracetools_launch:/home/lyc/ros2_iron/install/test_ros2trace:/home/lyc/ros2_iron/install/test_launch_ros:/home/lyc/ros2_iron/install/rpyutils:/home/lyc/ros2_iron/install/rosidl_runtime_py:/home/lyc/ros2_iron/install/rosidl_pycommon:/home/lyc/ros2_iron/install/rosidl_cli:/home/lyc/ros2_iron/install/launch_pytest:/home/lyc/ros2_iron/install/launch_testing:/home/lyc/ros2_iron/install/launch_yaml:/home/lyc/ros2_iron/install/launch_xml:/home/lyc/ros2_iron/install/launch:/home/lyc/ros2_iron/install/osrf_pycommon:/home/lyc/ros2_iron/install/domain_coordinator:/home/lyc/ros2_iron/install/ament_xmllint:/home/lyc/ros2_iron/install/ament_pyflakes:/home/lyc/ros2_iron/install/ament_pycodestyle:/home/lyc/ros2_iron/install/ament_pep257:/home/lyc/ros2_iron/install/ament_pclint:/home/lyc/ros2_iron/install/ament_package:/home/lyc/ros2_iron/install/ament_mypy:/home/lyc/ros2_iron/install/ament_lint_cmake:/home/lyc/ros2_iron/install/ament_flake8:/home/lyc/ros2_iron/install/ament_copyright:/home/lyc/ros2_iron/install/ament_lint:/home/lyc/ros2_iron/install/ament_index_python:/home/lyc/ros2_iron/install/ament_cpplint:/home/lyc/ros2_iron/install/ament_cppcheck:/home/lyc/ros2_iron/install/ament_clang_tidy:/home/lyc/ros2_iron/install/ament_clang_format /usr/bin/cmake /home/lyc/ros2_ws/src/ros2_timer_latency_measurement -DAMENT_CMAKE_SYMLINK_INSTALL=1 -DCMAKE_INSTALL_PREFIX=/home/lyc/ros2_ws/src/install/ros2_timer_latency_measurement
[0.603s] -- The C compiler identification is GNU 11.4.0
[0.906s] -- The CXX compiler identification is GNU 11.4.0
[0.949s] -- Detecting C compiler ABI info
[1.246s] -- Detecting C compiler ABI info - done
[1.256s] -- Check for working C compiler: /usr/bin/cc - skipped
[1.259s] -- Detecting C compile features
[1.261s] -- Detecting C compile features - done
[1.275s] -- Detecting CXX compiler ABI info
[1.564s] -- Detecting CXX compiler ABI info - done
[1.564s] -- Check for working CXX compiler: /usr/bin/c++ - skipped
[1.565s] -- Detecting CXX compile features
[1.565s] -- Detecting CXX compile features - done
[1.653s] -- Found ament_cmake: 2.0.4 (/home/lyc/ros2_iron/install/ament_cmake/share/ament_cmake/cmake)
[2.986s] -- Found Python3: /usr/bin/python3.10 (found version "3.10.12") found components: Interpreter 
[3.401s] -- Override CMake install command with custom implementation using symlinks instead of copying resources
[4.274s] -- Found rclcpp: 21.0.5 (/home/lyc/ros2_iron/install/rclcpp/share/rclcpp/cmake)
[4.952s] -- Found rosidl_generator_c: 4.0.1 (/home/lyc/ros2_iron/install/rosidl_generator_c/share/rosidl_generator_c/cmake)
[5.108s] -- Found rosidl_generator_cpp: 4.0.1 (/home/lyc/ros2_iron/install/rosidl_generator_cpp/share/rosidl_generator_cpp/cmake)
[5.336s] -- Using all available rosidl_typesupport_c: rosidl_typesupport_introspection_c;rosidl_typesupport_fastrtps_c
[5.537s] -- Using all available rosidl_typesupport_cpp: rosidl_typesupport_introspection_cpp;rosidl_typesupport_fastrtps_cpp
[6.238s] -- Found rmw_implementation_cmake: 7.1.0 (/home/lyc/ros2_iron/install/rmw_implementation_cmake/share/rmw_implementation_cmake/cmake)
[6.310s] -- Found rmw_fastrtps_cpp: 7.1.3 (/home/lyc/ros2_iron/install/rmw_fastrtps_cpp/share/rmw_fastrtps_cpp/cmake)
[7.163s] -- Found OpenSSL: /usr/lib/x86_64-linux-gnu/libcrypto.so (found version "3.0.2")  
[7.322s] -- Found FastRTPS: /home/lyc/ros2_iron/install/fastrtps/include  
[7.595s] -- Using RMW implementation 'rmw_fastrtps_cpp' as default
[8.068s] -- Found rttest: 0.15.0 (/home/lyc/ros2_iron/install/rttest/share/rttest/cmake)
[8.084s] -- Found tlsf_cpp: 0.15.0 (/home/lyc/ros2_iron/install/tlsf_cpp/share/tlsf_cpp/cmake)
[8.308s] -- Found ament_lint_auto: 0.14.3 (/home/lyc/ros2_iron/install/ament_lint_auto/share/ament_lint_auto/cmake)
[9.168s] -- Added test 'copyright' to check source files copyright and LICENSE
[9.186s] -- Added test 'cppcheck' to perform static code analysis on C / C++ code
[9.187s] -- Configured cppcheck include dirs: /home/lyc/ros2_ws/src/ros2_timer_latency_measurement/include
[9.187s] -- Configured cppcheck exclude dirs and/or files: 
[9.205s] -- Added test 'cpplint' to check C / C++ code against the Google style
[9.205s] -- Configured cpplint exclude dirs and/or files: 
[9.225s] -- Added test 'lint_cmake' to check CMake code style
[9.247s] -- Added test 'uncrustify' to check C / C++ code style
[9.247s] -- Configured uncrustify additional arguments: 
[9.259s] -- Added test 'xmllint' to check XML markup files
[9.281s] -- Configuring done
[9.345s] -- Generating done
[9.351s] -- Build files have been written to: /home/lyc/ros2_ws/src/build/ros2_timer_latency_measurement
[9.368s] Invoked command in '/home/lyc/ros2_ws/src/build/ros2_timer_latency_measurement' returned '0': CMAKE_PREFIX_PATH=${CMAKE_PREFIX_PATH}:/home/lyc/ros2_iron/install/rqt_bag_plugins:/home/lyc/ros2_iron/install/rqt_bag:/home/lyc/ros2_iron/install/rosbag2_examples_py:/home/lyc/ros2_iron/install/launch_testing_examples:/home/lyc/ros2_iron/install/ros2bag:/home/lyc/ros2_iron/install/tracetools_test:/home/lyc/ros2_iron/install/tracetools_launch:/home/lyc/ros2_iron/install/topic_monitor:/home/lyc/ros2_iron/install/tf2_tools:/home/lyc/ros2_iron/install/examples_tf2_py:/home/lyc/ros2_iron/install/tf2_ros_py:/home/lyc/ros2_iron/install/examples_rclpy_pointcloud_publisher:/home/lyc/ros2_iron/install/sensor_msgs_py:/home/lyc/ros2_iron/install/quality_of_service_demo_py:/home/lyc/ros2_iron/install/rqt_plot:/home/lyc/ros2_iron/install/ros2doctor:/home/lyc/ros2_iron/install/lifecycle_py:/home/lyc/ros2_iron/install/examples_rclpy_minimal_subscriber:/home/lyc/ros2_iron/install/examples_rclpy_minimal_service:/home/lyc/ros2_iron/install/examples_rclpy_minimal_publisher:/home/lyc/ros2_iron/install/examples_rclpy_minimal_client:/home/lyc/ros2_iron/install/examples_rclpy_executors:/home/lyc/ros2_iron/install/demo_nodes_py:/home/lyc/ros2_iron/install/rqt:/home/lyc/ros2_iron/install/ros2component:/home/lyc/ros2_iron/install/sros2:/home/lyc/ros2_iron/install/rqt_topic:/home/lyc/ros2_iron/install/rqt_srv:/home/lyc/ros2_iron/install/rqt_shell:/home/lyc/ros2_iron/install/rqt_service_caller:/home/lyc/ros2_iron/install/rqt_reconfigure:/home/lyc/ros2_iron/install/rqt_py_console:/home/lyc/ros2_iron/install/rqt_publisher:/home/lyc/ros2_iron/install/rqt_action:/home/lyc/ros2_iron/install/rqt_msg:/home/lyc/ros2_iron/install/rqt_console:/home/lyc/ros2_iron/install/rqt_graph:/home/lyc/ros2_iron/install/rqt_gui_py:/home/lyc/ros2_iron/install/rqt_gui:/home/lyc/ros2_iron/install/ros2trace:/home/lyc/ros2_iron/install/ros2topic:/home/lyc/ros2_iron/install/ros2test:/home/lyc/ros2_iron/install/ros2param:/home/lyc/ros2_iron/install/ros2lifecycle:/home/lyc/ros2_iron/install/ros2service:/home/lyc/ros2_iron/install/ros2run:/home/lyc/ros2_iron/install/ros2launch:/home/lyc/ros2_iron/install/ros2pkg:/home/lyc/ros2_iron/install/ros2node:/home/lyc/ros2_iron/install/ros2multicast:/home/lyc/ros2_iron/install/ros2interface:/home/lyc/ros2_iron/install/ros2action:/home/lyc/ros2_iron/install/ros2cli:/home/lyc/ros2_iron/install/launch_testing_ros:/home/lyc/ros2_iron/install/launch_ros:/home/lyc/ros2_iron/install/examples_rclpy_minimal_action_server:/home/lyc/ros2_iron/install/examples_rclpy_minimal_action_client:/home/lyc/ros2_iron/install/examples_rclpy_guard_conditions:/home/lyc/ros2_iron/install/action_tutorials_py:/home/lyc/ros2_iron/install/ament_uncrustify:/home/lyc/ros2_iron/install/tracetools_trace:/home/lyc/ros2_iron/install/tracetools_read:/home/lyc/ros2_iron/install/test_tracetools_launch:/home/lyc/ros2_iron/install/test_ros2trace:/home/lyc/ros2_iron/install/test_launch_ros:/home/lyc/ros2_iron/install/rpyutils:/home/lyc/ros2_iron/install/rosidl_runtime_py:/home/lyc/ros2_iron/install/rosidl_pycommon:/home/lyc/ros2_iron/install/rosidl_cli:/home/lyc/ros2_iron/install/launch_pytest:/home/lyc/ros2_iron/install/launch_testing:/home/lyc/ros2_iron/install/launch_yaml:/home/lyc/ros2_iron/install/launch_xml:/home/lyc/ros2_iron/install/launch:/home/lyc/ros2_iron/install/osrf_pycommon:/home/lyc/ros2_iron/install/domain_coordinator:/home/lyc/ros2_iron/install/ament_xmllint:/home/lyc/ros2_iron/install/ament_pyflakes:/home/lyc/ros2_iron/install/ament_pycodestyle:/home/lyc/ros2_iron/install/ament_pep257:/home/lyc/ros2_iron/install/ament_pclint:/home/lyc/ros2_iron/install/ament_package:/home/lyc/ros2_iron/install/ament_mypy:/home/lyc/ros2_iron/install/ament_lint_cmake:/home/lyc/ros2_iron/install/ament_flake8:/home/lyc/ros2_iron/install/ament_copyright:/home/lyc/ros2_iron/install/ament_lint:/home/lyc/ros2_iron/install/ament_index_python:/home/lyc/ros2_iron/install/ament_cpplint:/home/lyc/ros2_iron/install/ament_cppcheck:/home/lyc/ros2_iron/install/ament_clang_tidy:/home/lyc/ros2_iron/install/ament_clang_format /usr/bin/cmake /home/lyc/ros2_ws/src/ros2_timer_latency_measurement -DAMENT_CMAKE_SYMLINK_INSTALL=1 -DCMAKE_INSTALL_PREFIX=/home/lyc/ros2_ws/src/install/ros2_timer_latency_measurement
[9.374s] Invoking command in '/home/lyc/ros2_ws/src/build/ros2_timer_latency_measurement': CMAKE_PREFIX_PATH=${CMAKE_PREFIX_PATH}:/home/lyc/ros2_iron/install/rqt_bag_plugins:/home/lyc/ros2_iron/install/rqt_bag:/home/lyc/ros2_iron/install/rosbag2_examples_py:/home/lyc/ros2_iron/install/launch_testing_examples:/home/lyc/ros2_iron/install/ros2bag:/home/lyc/ros2_iron/install/tracetools_test:/home/lyc/ros2_iron/install/tracetools_launch:/home/lyc/ros2_iron/install/topic_monitor:/home/lyc/ros2_iron/install/tf2_tools:/home/lyc/ros2_iron/install/examples_tf2_py:/home/lyc/ros2_iron/install/tf2_ros_py:/home/lyc/ros2_iron/install/examples_rclpy_pointcloud_publisher:/home/lyc/ros2_iron/install/sensor_msgs_py:/home/lyc/ros2_iron/install/quality_of_service_demo_py:/home/lyc/ros2_iron/install/rqt_plot:/home/lyc/ros2_iron/install/ros2doctor:/home/lyc/ros2_iron/install/lifecycle_py:/home/lyc/ros2_iron/install/examples_rclpy_minimal_subscriber:/home/lyc/ros2_iron/install/examples_rclpy_minimal_service:/home/lyc/ros2_iron/install/examples_rclpy_minimal_publisher:/home/lyc/ros2_iron/install/examples_rclpy_minimal_client:/home/lyc/ros2_iron/install/examples_rclpy_executors:/home/lyc/ros2_iron/install/demo_nodes_py:/home/lyc/ros2_iron/install/rqt:/home/lyc/ros2_iron/install/ros2component:/home/lyc/ros2_iron/install/sros2:/home/lyc/ros2_iron/install/rqt_topic:/home/lyc/ros2_iron/install/rqt_srv:/home/lyc/ros2_iron/install/rqt_shell:/home/lyc/ros2_iron/install/rqt_service_caller:/home/lyc/ros2_iron/install/rqt_reconfigure:/home/lyc/ros2_iron/install/rqt_py_console:/home/lyc/ros2_iron/install/rqt_publisher:/home/lyc/ros2_iron/install/rqt_action:/home/lyc/ros2_iron/install/rqt_msg:/home/lyc/ros2_iron/install/rqt_console:/home/lyc/ros2_iron/install/rqt_graph:/home/lyc/ros2_iron/install/rqt_gui_py:/home/lyc/ros2_iron/install/rqt_gui:/home/lyc/ros2_iron/install/ros2trace:/home/lyc/ros2_iron/install/ros2topic:/home/lyc/ros2_iron/install/ros2test:/home/lyc/ros2_iron/install/ros2param:/home/lyc/ros2_iron/install/ros2lifecycle:/home/lyc/ros2_iron/install/ros2service:/home/lyc/ros2_iron/install/ros2run:/home/lyc/ros2_iron/install/ros2launch:/home/lyc/ros2_iron/install/ros2pkg:/home/lyc/ros2_iron/install/ros2node:/home/lyc/ros2_iron/install/ros2multicast:/home/lyc/ros2_iron/install/ros2interface:/home/lyc/ros2_iron/install/ros2action:/home/lyc/ros2_iron/install/ros2cli:/home/lyc/ros2_iron/install/launch_testing_ros:/home/lyc/ros2_iron/install/launch_ros:/home/lyc/ros2_iron/install/examples_rclpy_minimal_action_server:/home/lyc/ros2_iron/install/examples_rclpy_minimal_action_client:/home/lyc/ros2_iron/install/examples_rclpy_guard_conditions:/home/lyc/ros2_iron/install/action_tutorials_py:/home/lyc/ros2_iron/install/ament_uncrustify:/home/lyc/ros2_iron/install/tracetools_trace:/home/lyc/ros2_iron/install/tracetools_read:/home/lyc/ros2_iron/install/test_tracetools_launch:/home/lyc/ros2_iron/install/test_ros2trace:/home/lyc/ros2_iron/install/test_launch_ros:/home/lyc/ros2_iron/install/rpyutils:/home/lyc/ros2_iron/install/rosidl_runtime_py:/home/lyc/ros2_iron/install/rosidl_pycommon:/home/lyc/ros2_iron/install/rosidl_cli:/home/lyc/ros2_iron/install/launch_pytest:/home/lyc/ros2_iron/install/launch_testing:/home/lyc/ros2_iron/install/launch_yaml:/home/lyc/ros2_iron/install/launch_xml:/home/lyc/ros2_iron/install/launch:/home/lyc/ros2_iron/install/osrf_pycommon:/home/lyc/ros2_iron/install/domain_coordinator:/home/lyc/ros2_iron/install/ament_xmllint:/home/lyc/ros2_iron/install/ament_pyflakes:/home/lyc/ros2_iron/install/ament_pycodestyle:/home/lyc/ros2_iron/install/ament_pep257:/home/lyc/ros2_iron/install/ament_pclint:/home/lyc/ros2_iron/install/ament_package:/home/lyc/ros2_iron/install/ament_mypy:/home/lyc/ros2_iron/install/ament_lint_cmake:/home/lyc/ros2_iron/install/ament_flake8:/home/lyc/ros2_iron/install/ament_copyright:/home/lyc/ros2_iron/install/ament_lint:/home/lyc/ros2_iron/install/ament_index_python:/home/lyc/ros2_iron/install/ament_cpplint:/home/lyc/ros2_iron/install/ament_cppcheck:/home/lyc/ros2_iron/install/ament_clang_tidy:/home/lyc/ros2_iron/install/ament_clang_format /usr/bin/cmake --build /home/lyc/ros2_ws/src/build/ros2_timer_latency_measurement -- -j4 -l4
[9.690s] [  8%] [32mBuilding CXX object CMakeFiles/init_thread.dir/src/init_thread.cpp.o[0m
[9.698s] [ 16%] [32mBuilding CXX object CMakeFiles/timer_cb_latency_spin_some.dir/src/timer_cb_latency_spin_some.cpp.o[0m
[9.706s] [ 25%] [32mBuilding CXX object CMakeFiles/timer_cb_latency_spin.dir/src/timer_cb_latency_spin.cpp.o[0m
[9.706s] [ 33%] [32mBuilding CXX object CMakeFiles/init_and_node_thread.dir/src/init_and_node_thread.cpp.o[0m
[11.021s] [01m[K/home/lyc/ros2_ws/src/ros2_timer_latency_measurement/src/init_thread.cpp:8:10:[m[K [01;31m[Kfatal error: [m[Krttest/utils.h: Ê≤°ÊúâÈÇ£‰∏™Êñá‰ª∂ÊàñÁõÆÂΩï
[11.021s]     8 | #include [01;31m[K"rttest/utils.h"[m[K
[11.022s]       |          [01;31m[K^~~~~~~~~~~~~~~~[m[K
[11.022s] compilation terminated.
[11.022s] [01m[K/home/lyc/ros2_ws/src/ros2_timer_latency_measurement/src/timer_cb_latency_spin_some.cpp:7:10:[m[K [01;31m[Kfatal error: [m[Krttest/utils.h: Ê≤°ÊúâÈÇ£‰∏™Êñá‰ª∂ÊàñÁõÆÂΩï
[11.022s]     7 | #include [01;31m[K"rttest/utils.h"[m[K
[11.022s]       |          [01;31m[K^~~~~~~~~~~~~~~~[m[K
[11.022s] compilation terminated.
[11.023s] [01m[K/home/lyc/ros2_ws/src/ros2_timer_latency_measurement/src/timer_cb_latency_spin.cpp:7:10:[m[K [01;31m[Kfatal error: [m[Krttest/utils.h: Ê≤°ÊúâÈÇ£‰∏™Êñá‰ª∂ÊàñÁõÆÂΩï
[11.023s]     7 | #include [01;31m[K"rttest/utils.h"[m[K
[11.023s]       |          [01;31m[K^~~~~~~~~~~~~~~~[m[K
[11.023s] compilation terminated.
[11.023s] [01m[K/home/lyc/ros2_ws/src/ros2_timer_latency_measurement/src/init_and_node_thread.cpp:7:10:[m[K [01;31m[Kfatal error: [m[Krttest/utils.h: Ê≤°ÊúâÈÇ£‰∏™Êñá‰ª∂ÊàñÁõÆÂΩï
[11.023s]     7 | #include [01;31m[K"rttest/utils.h"[m[K
[11.023s]       |          [01;31m[K^~~~~~~~~~~~~~~~[m[K
[11.023s] compilation terminated.
[11.027s] gmake[2]: *** [CMakeFiles/timer_cb_latency_spin_some.dir/build.make:76ÔºöCMakeFiles/timer_cb_latency_spin_some.dir/src/timer_cb_latency_spin_some.cpp.o] ÈîôËØØ 1
[11.027s] gmake[1]: *** [CMakeFiles/Makefile2:221ÔºöCMakeFiles/timer_cb_latency_spin_some.dir/all] ÈîôËØØ 2
[11.027s] gmake[1]: *** Ê≠£Âú®Á≠âÂæÖÊú™ÂÆåÊàêÁöÑ‰ªªÂä°....
[11.028s] gmake[2]: *** [CMakeFiles/init_thread.dir/build.make:76ÔºöCMakeFiles/init_thread.dir/src/init_thread.cpp.o] ÈîôËØØ 1
[11.028s] gmake[1]: *** [CMakeFiles/Makefile2:143ÔºöCMakeFiles/init_thread.dir/all] ÈîôËØØ 2
[11.033s] gmake[2]: *** [CMakeFiles/init_and_node_thread.dir/build.make:76ÔºöCMakeFiles/init_and_node_thread.dir/src/init_and_node_thread.cpp.o] ÈîôËØØ 1
[11.033s] gmake[2]: *** Ê≠£Âú®Á≠âÂæÖÊú™ÂÆåÊàêÁöÑ‰ªªÂä°....
[11.034s] gmake[2]: *** [CMakeFiles/timer_cb_latency_spin.dir/build.make:76ÔºöCMakeFiles/timer_cb_latency_spin.dir/src/timer_cb_latency_spin.cpp.o] ÈîôËØØ 1
[11.034s] gmake[2]: *** Ê≠£Âú®Á≠âÂæÖÊú™ÂÆåÊàêÁöÑ‰ªªÂä°....
[11.082s] [ 41%] [32mBuilding CXX object CMakeFiles/init_and_node_thread.dir/src/util.cpp.o[0m
[11.085s] [ 50%] [32mBuilding CXX object CMakeFiles/timer_cb_latency_spin.dir/src/util.cpp.o[0m
[11.834s] gmake[1]: *** [CMakeFiles/Makefile2:195ÔºöCMakeFiles/timer_cb_latency_spin.dir/all] ÈîôËØØ 2
[11.844s] gmake[1]: *** [CMakeFiles/Makefile2:169ÔºöCMakeFiles/init_and_node_thread.dir/all] ÈîôËØØ 2
[11.844s] gmake: *** [Makefile:146Ôºöall] ÈîôËØØ 2
[11.852s] Invoked command in '/home/lyc/ros2_ws/src/build/ros2_timer_latency_measurement' returned '2': CMAKE_PREFIX_PATH=${CMAKE_PREFIX_PATH}:/home/lyc/ros2_iron/install/rqt_bag_plugins:/home/lyc/ros2_iron/install/rqt_bag:/home/lyc/ros2_iron/install/rosbag2_examples_py:/home/lyc/ros2_iron/install/launch_testing_examples:/home/lyc/ros2_iron/install/ros2bag:/home/lyc/ros2_iron/install/tracetools_test:/home/lyc/ros2_iron/install/tracetools_launch:/home/lyc/ros2_iron/install/topic_monitor:/home/lyc/ros2_iron/install/tf2_tools:/home/lyc/ros2_iron/install/examples_tf2_py:/home/lyc/ros2_iron/install/tf2_ros_py:/home/lyc/ros2_iron/install/examples_rclpy_pointcloud_publisher:/home/lyc/ros2_iron/install/sensor_msgs_py:/home/lyc/ros2_iron/install/quality_of_service_demo_py:/home/lyc/ros2_iron/install/rqt_plot:/home/lyc/ros2_iron/install/ros2doctor:/home/lyc/ros2_iron/install/lifecycle_py:/home/lyc/ros2_iron/install/examples_rclpy_minimal_subscriber:/home/lyc/ros2_iron/install/examples_rclpy_minimal_service:/home/lyc/ros2_iron/install/examples_rclpy_minimal_publisher:/home/lyc/ros2_iron/install/examples_rclpy_minimal_client:/home/lyc/ros2_iron/install/examples_rclpy_executors:/home/lyc/ros2_iron/install/demo_nodes_py:/home/lyc/ros2_iron/install/rqt:/home/lyc/ros2_iron/install/ros2component:/home/lyc/ros2_iron/install/sros2:/home/lyc/ros2_iron/install/rqt_topic:/home/lyc/ros2_iron/install/rqt_srv:/home/lyc/ros2_iron/install/rqt_shell:/home/lyc/ros2_iron/install/rqt_service_caller:/home/lyc/ros2_iron/install/rqt_reconfigure:/home/lyc/ros2_iron/install/rqt_py_console:/home/lyc/ros2_iron/install/rqt_publisher:/home/lyc/ros2_iron/install/rqt_action:/home/lyc/ros2_iron/install/rqt_msg:/home/lyc/ros2_iron/install/rqt_console:/home/lyc/ros2_iron/install/rqt_graph:/home/lyc/ros2_iron/install/rqt_gui_py:/home/lyc/ros2_iron/install/rqt_gui:/home/lyc/ros2_iron/install/ros2trace:/home/lyc/ros2_iron/install/ros2topic:/home/lyc/ros2_iron/install/ros2test:/home/lyc/ros2_iron/install/ros2param:/home/lyc/ros2_iron/install/ros2lifecycle:/home/lyc/ros2_iron/install/ros2service:/home/lyc/ros2_iron/install/ros2run:/home/lyc/ros2_iron/install/ros2launch:/home/lyc/ros2_iron/install/ros2pkg:/home/lyc/ros2_iron/install/ros2node:/home/lyc/ros2_iron/install/ros2multicast:/home/lyc/ros2_iron/install/ros2interface:/home/lyc/ros2_iron/install/ros2action:/home/lyc/ros2_iron/install/ros2cli:/home/lyc/ros2_iron/install/launch_testing_ros:/home/lyc/ros2_iron/install/launch_ros:/home/lyc/ros2_iron/install/examples_rclpy_minimal_action_server:/home/lyc/ros2_iron/install/examples_rclpy_minimal_action_client:/home/lyc/ros2_iron/install/examples_rclpy_guard_conditions:/home/lyc/ros2_iron/install/action_tutorials_py:/home/lyc/ros2_iron/install/ament_uncrustify:/home/lyc/ros2_iron/install/tracetools_trace:/home/lyc/ros2_iron/install/tracetools_read:/home/lyc/ros2_iron/install/test_tracetools_launch:/home/lyc/ros2_iron/install/test_ros2trace:/home/lyc/ros2_iron/install/test_launch_ros:/home/lyc/ros2_iron/install/rpyutils:/home/lyc/ros2_iron/install/rosidl_runtime_py:/home/lyc/ros2_iron/install/rosidl_pycommon:/home/lyc/ros2_iron/install/rosidl_cli:/home/lyc/ros2_iron/install/launch_pytest:/home/lyc/ros2_iron/install/launch_testing:/home/lyc/ros2_iron/install/launch_yaml:/home/lyc/ros2_iron/install/launch_xml:/home/lyc/ros2_iron/install/launch:/home/lyc/ros2_iron/install/osrf_pycommon:/home/lyc/ros2_iron/install/domain_coordinator:/home/lyc/ros2_iron/install/ament_xmllint:/home/lyc/ros2_iron/install/ament_pyflakes:/home/lyc/ros2_iron/install/ament_pycodestyle:/home/lyc/ros2_iron/install/ament_pep257:/home/lyc/ros2_iron/install/ament_pclint:/home/lyc/ros2_iron/install/ament_package:/home/lyc/ros2_iron/install/ament_mypy:/home/lyc/ros2_iron/install/ament_lint_cmake:/home/lyc/ros2_iron/install/ament_flake8:/home/lyc/ros2_iron/install/ament_copyright:/home/lyc/ros2_iron/install/ament_lint:/home/lyc/ros2_iron/install/ament_index_python:/home/lyc/ros2_iron/install/ament_cpplint:/home/lyc/ros2_iron/install/ament_cppcheck:/home/lyc/ros2_iron/install/ament_clang_tidy:/home/lyc/ros2_iron/install/ament_clang_format /usr/bin/cmake --build /home/lyc/ros2_ws/src/build/ros2_timer_latency_measurement -- -j4 -l4
